[
    {
        "Id": "44fa83a60ea509e74755f3f302b9839b9d983d0d5fbd0fc6d90e45b0aebbec2a",
        "Created": "2021-12-06T20:17:40.366315109Z",
        "Path": "/bin/bash",
        "Args": [],
        "State": {
            "Status": "running",
            "Running": true,
            "Paused": false,
            "Restarting": false,
            "OOMKilled": false,
            "Dead": false,
            "Pid": 13761,
            "ExitCode": 0,
            "Error": "",
            "StartedAt": "2021-12-06T20:28:33.96924904Z",
            "FinishedAt": "2021-12-06T20:18:15.892294261Z"
        },
        "Image": "sha256:5a214d77f5d747e6ed81632310baa6190301feeb875cf6bf9da560108fa09972",
        "ResolvConfPath": "/var/lib/docker/containers/44fa83a60ea509e74755f3f302b9839b9d983d0d5fbd0fc6d90e45b0aebbec2a/resolv.conf",
        "HostnamePath": "/var/lib/docker/containers/44fa83a60ea509e74755f3f302b9839b9d983d0d5fbd0fc6d90e45b0aebbec2a/hostname",
        "HostsPath": "/var/lib/docker/containers/44fa83a60ea509e74755f3f302b9839b9d983d0d5fbd0fc6d90e45b0aebbec2a/hosts",
        "LogPath": "/var/lib/docker/containers/44fa83a60ea509e74755f3f302b9839b9d983d0d5fbd0fc6d90e45b0aebbec2a/44fa83a60ea509e74755f3f302b9839b9d983d0d5fbd0fc6d90e45b0aebbec2a-json.log",
        "Name": "/elastic_merkle",
        "RestartCount": 0,
        "Driver": "overlay2",
        "Platform": "linux",
        "MountLabel": "",
        "ProcessLabel": "",
        "AppArmorProfile": "docker-default",
        "ExecIDs": null,
        "HostConfig": {
            "Binds": null,
            "ContainerIDFile": "",
            "LogConfig": {
                "Type": "json-file",
                "Config": {}
            },
            "NetworkMode": "default",
            "PortBindings": {},
            "RestartPolicy": {
                "Name": "no",
                "MaximumRetryCount": 0
            },
            "AutoRemove": false,
            "VolumeDriver": "",
            "VolumesFrom": null,
            "CapAdd": null,
            "CapDrop": null,
            "CgroupnsMode": "host",
            "Dns": [],
            "DnsOptions": [],
            "DnsSearch": [],
            "ExtraHosts": null,
            "GroupAdd": null,
            "IpcMode": "private",
            "Cgroup": "",
            "Links": null,
            "OomScoreAdj": 0,
            "PidMode": "",
            "Privileged": false,
            "PublishAllPorts": false,
            "ReadonlyRootfs": false,
            "SecurityOpt": null,
            "UTSMode": "",
            "UsernsMode": "",
            "ShmSize": 67108864,
            "Runtime": "runc",
            "ConsoleSize": [
                0,
                0
            ],
            "Isolation": "",
            "CpuShares": 0,
            "Memory": 0,
            "NanoCpus": 0,
            "CgroupParent": "",
            "BlkioWeight": 0,
            "BlkioWeightDevice": [],
            "BlkioDeviceReadBps": null,
            "BlkioDeviceWriteBps": null,
            "BlkioDeviceReadIOps": null,
            "BlkioDeviceWriteIOps": null,
            "CpuPeriod": 0,
            "CpuQuota": 0,
            "CpuRealtimePeriod": 0,
            "CpuRealtimeRuntime": 0,
            "CpusetCpus": "",
            "CpusetMems": "",
            "Devices": [],
            "DeviceCgroupRules": null,
            "DeviceRequests": null,
            "KernelMemory": 0,
            "KernelMemoryTCP": 0,
            "MemoryReservation": 0,
            "MemorySwap": 0,
            "MemorySwappiness": null,
            "OomKillDisable": false,
            "PidsLimit": null,
            "Ulimits": null,
            "CpuCount": 0,
            "CpuPercent": 0,
            "IOMaximumIOps": 0,
            "IOMaximumBandwidth": 0,
            "MaskedPaths": [
                "/proc/asound",
                "/proc/acpi",
                "/proc/kcore",
                "/proc/keys",
                "/proc/latency_stats",
                "/proc/timer_list",
                "/proc/timer_stats",
                "/proc/sched_debug",
                "/proc/scsi",
                "/sys/firmware"
            ],
            "ReadonlyPaths": [
                "/proc/bus",
                "/proc/fs",
                "/proc/irq",
                "/proc/sys",
                "/proc/sysrq-trigger"
            ]
        },
        "GraphDriver": {
            "Data": {
                "LowerDir": "/var/lib/docker/overlay2/d9cf7e793488dc9f6748fcca3cbf301bd43438ad86da5aafe0e04b9d9ec9bc0a-init/diff:/var/lib/docker/overlay2/97aa2cf895597605d0a3b99266c7e6078fa3f8e3bb618e63dbeae192c16e00bc/diff",
                "MergedDir": "/var/lib/docker/overlay2/d9cf7e793488dc9f6748fcca3cbf301bd43438ad86da5aafe0e04b9d9ec9bc0a/merged",
                "UpperDir": "/var/lib/docker/overlay2/d9cf7e793488dc9f6748fcca3cbf301bd43438ad86da5aafe0e04b9d9ec9bc0a/diff",
                "WorkDir": "/var/lib/docker/overlay2/d9cf7e793488dc9f6748fcca3cbf301bd43438ad86da5aafe0e04b9d9ec9bc0a/work"
            },
            "Name": "overlay2"
        },
        "Mounts": [],
        "Config": {
            "Hostname": "44fa83a60ea5",
            "Domainname": "",
            "User": "",
            "AttachStdin": true,
            "AttachStdout": true,
            "AttachStderr": true,
            "Tty": true,
            "OpenStdin": true,
            "StdinOnce": true,
            "Env": [
                "PATH=/usr/local/sbin:/usr/local/bin:/usr/sbin:/usr/bin:/sbin:/bin"
            ],
            "Cmd": [
                "/bin/bash"
            ],
            "Image": "ubuntu:18.04",
            "Volumes": null,
            "WorkingDir": "",
            "Entrypoint": null,
            "OnBuild": null,
            "Labels": {}
        },
        "NetworkSettings": {
            "Bridge": "",
            "SandboxID": "dbf3619dd3ec2ff3b321f458aa21873d064c878a63af11afe8131334b6167c65",
            "HairpinMode": false,
            "LinkLocalIPv6Address": "",
            "LinkLocalIPv6PrefixLen": 0,
            "Ports": {},
            "SandboxKey": "/var/run/docker/netns/dbf3619dd3ec",
            "SecondaryIPAddresses": null,
            "SecondaryIPv6Addresses": null,
            "EndpointID": "8c74a0cafaeed8255001b872b5c3ed8a32b4f67930a06051bd4531911cd28c39",
            "Gateway": "172.17.0.1",
            "GlobalIPv6Address": "",
            "GlobalIPv6PrefixLen": 0,
            "IPAddress": "172.17.0.2",
            "IPPrefixLen": 16,
            "IPv6Gateway": "",
            "MacAddress": "02:42:ac:11:00:02",
            "Networks": {
                "bridge": {
                    "IPAMConfig": null,
                    "Links": null,
                    "Aliases": null,
                    "NetworkID": "cb622b2e94858e99d04aff31821eef9f5ff7db55e4a0911649af6b1049a63a2d",
                    "EndpointID": "8c74a0cafaeed8255001b872b5c3ed8a32b4f67930a06051bd4531911cd28c39",
                    "Gateway": "172.17.0.1",
                    "IPAddress": "172.17.0.2",
                    "IPPrefixLen": 16,
                    "IPv6Gateway": "",
                    "GlobalIPv6Address": "",
                    "GlobalIPv6PrefixLen": 0,
                    "MacAddress": "02:42:ac:11:00:02",
                    "DriverOpts": null
                }
            }
        }
    }
]
